Started GET "/funny" for ::1 at 2021-10-18 20:40:42 +1100
  [1m[35m (1.3ms)[0m  [1m[34mSELECT sqlite_version(*)[0m
  
ActionController::RoutingError (No route matches [GET] "/funny"):
  
Started GET "/" for ::1 at 2021-10-18 20:40:46 +1100
Processing by Rails::WelcomeController#index as HTML
  Rendering /home/sarah/.rvm/gems/ruby-2.7.4/gems/railties-6.1.4.1/lib/rails/templates/rails/welcome/index.html.erb
  Rendered /home/sarah/.rvm/gems/ruby-2.7.4/gems/railties-6.1.4.1/lib/rails/templates/rails/welcome/index.html.erb (Duration: 8.1ms | Allocations: 220)
Completed 200 OK in 18ms (Views: 9.3ms | ActiveRecord: 0.0ms | Allocations: 2107)


Started GET "/" for ::1 at 2021-10-18 20:41:11 +1100
Processing by PagesController#home as HTML
  Rendering layout layouts/application.html.erb
  Rendering pages/home.html.erb within layouts/application
  Rendered pages/home.html.erb within layouts/application (Duration: 0.4ms | Allocations: 105)
[Webpacker] Compiling...
[Webpacker] Compiled all packs in /home/sarah/Projects/SEIR48-classwork/08-rails/wallstreet_books/public/packs
[Webpacker] Hash: e2a8a876c5815bee1e21
Version: webpack 4.46.0
Time: 1155ms
Built at: 18/10/2021 8:41:13 pm
                                     Asset       Size       Chunks                         Chunk Names
    js/application-e421b4aa3f716bebdab1.js    125 KiB  application  [emitted] [immutable]  application
js/application-e421b4aa3f716bebdab1.js.map    139 KiB  application  [emitted] [dev]        application
                             manifest.json  364 bytes               [emitted]              
Entrypoint application = js/application-e421b4aa3f716bebdab1.js js/application-e421b4aa3f716bebdab1.js.map
[./app/javascript/channels sync recursive _channel\.js$] ./app/javascript/channels sync _channel\.js$ 160 bytes {application} [built]
[./app/javascript/channels/index.js] 211 bytes {application} [built]
[./app/javascript/packs/application.js] 492 bytes {application} [built]
[./node_modules/webpack/buildin/module.js] (webpack)/buildin/module.js 552 bytes {application} [built]
    + 3 hidden modules

  Rendered layout layouts/application.html.erb (Duration: 2675.6ms | Allocations: 16566)
Completed 200 OK in 2680ms (Views: 2678.5ms | Allocations: 17647)


Started GET "/" for ::1 at 2021-10-18 20:41:16 +1100
Processing by PagesController#home as HTML
  Rendering layout layouts/application.html.erb
  Rendering pages/home.html.erb within layouts/application
  Rendered pages/home.html.erb within layouts/application (Duration: 0.5ms | Allocations: 103)
[Webpacker] Everything's up-to-date. Nothing to do
  Rendered layout layouts/application.html.erb (Duration: 4.6ms | Allocations: 3148)
Completed 200 OK in 7ms (Views: 6.2ms | Allocations: 4178)


Started GET "/rails/info/routes" for ::1 at 2021-10-18 20:41:53 +1100
Processing by Rails::InfoController#routes as HTML
  Rendering layout /home/sarah/.rvm/gems/ruby-2.7.4/gems/railties-6.1.4.1/lib/rails/templates/layouts/application.html.erb
  Rendering /home/sarah/.rvm/gems/ruby-2.7.4/gems/railties-6.1.4.1/lib/rails/templates/rails/info/routes.html.erb within layouts/application
  Rendered collection of /home/sarah/.rvm/gems/ruby-2.7.4/gems/actionpack-6.1.4.1/lib/action_dispatch/middleware/templates/routes/_route.html.erb [27 times] (Duration: 4.3ms | Allocations: 3119)
  Rendered /home/sarah/.rvm/gems/ruby-2.7.4/gems/actionpack-6.1.4.1/lib/action_dispatch/middleware/templates/routes/_table.html.erb (Duration: 0.8ms | Allocations: 705)
  Rendered /home/sarah/.rvm/gems/ruby-2.7.4/gems/railties-6.1.4.1/lib/rails/templates/rails/info/routes.html.erb within layouts/application (Duration: 7.7ms | Allocations: 6908)
  Rendered layout /home/sarah/.rvm/gems/ruby-2.7.4/gems/railties-6.1.4.1/lib/rails/templates/layouts/application.html.erb (Duration: 8.2ms | Allocations: 7127)
Completed 200 OK in 10ms (Views: 9.2ms | Allocations: 8201)


Started GET "/" for ::1 at 2021-10-18 20:43:34 +1100
Processing by PagesController#home as HTML
  Rendering layout layouts/application.html.erb
  Rendering pages/home.html.erb within layouts/application
  Rendered pages/home.html.erb within layouts/application (Duration: 0.5ms | Allocations: 114)
[Webpacker] Everything's up-to-date. Nothing to do
  Rendered layout layouts/application.html.erb (Duration: 7.3ms | Allocations: 3179)
Completed 200 OK in 10ms (Views: 9.0ms | Allocations: 4263)


Started GET "/" for ::1 at 2021-10-18 20:43:35 +1100
Processing by PagesController#home as HTML
  Rendering layout layouts/application.html.erb
  Rendering pages/home.html.erb within layouts/application
  Rendered pages/home.html.erb within layouts/application (Duration: 0.3ms | Allocations: 38)
[Webpacker] Everything's up-to-date. Nothing to do
  Rendered layout layouts/application.html.erb (Duration: 16.4ms | Allocations: 2922)
Completed 200 OK in 20ms (Views: 18.2ms | Allocations: 3302)


Started GET "/" for ::1 at 2021-10-18 20:44:46 +1100
Processing by PagesController#home as HTML
  Rendering layout layouts/application.html.erb
  Rendering pages/home.html.erb within layouts/application
  Rendered pages/home.html.erb within layouts/application (Duration: 0.2ms | Allocations: 110)
[Webpacker] Everything's up-to-date. Nothing to do
  Rendered layout layouts/application.html.erb (Duration: 3.4ms | Allocations: 3135)
Completed 200 OK in 5ms (Views: 4.2ms | Allocations: 4222)


Started GET "/" for ::1 at 2021-10-18 20:46:37 +1100
Processing by PagesController#home as HTML
  Rendering layout layouts/application.html.erb
  Rendering pages/home.html.erb within layouts/application
  Rendered pages/home.html.erb within layouts/application (Duration: 0.3ms | Allocations: 115)
[Webpacker] Everything's up-to-date. Nothing to do
  Rendered layout layouts/application.html.erb (Duration: 3.3ms | Allocations: 3141)
Completed 200 OK in 5ms (Views: 4.4ms | Allocations: 4230)


Started GET "/" for ::1 at 2021-10-18 20:47:17 +1100
Processing by PagesController#home as HTML
  Rendering layout layouts/application.html.erb
  Rendering pages/home.html.erb within layouts/application
  Rendered pages/home.html.erb within layouts/application (Duration: 0.9ms | Allocations: 110)
[Webpacker] Everything's up-to-date. Nothing to do
  Rendered layout layouts/application.html.erb (Duration: 10.5ms | Allocations: 3165)
Completed 200 OK in 17ms (Views: 14.2ms | Allocations: 4242)


Started GET "/" for ::1 at 2021-10-18 20:47:17 +1100
Processing by PagesController#home as HTML
  Rendering layout layouts/application.html.erb
  Rendering pages/home.html.erb within layouts/application
  Rendered pages/home.html.erb within layouts/application (Duration: 0.3ms | Allocations: 38)
[Webpacker] Everything's up-to-date. Nothing to do
  Rendered layout layouts/application.html.erb (Duration: 7.6ms | Allocations: 2920)
Completed 200 OK in 10ms (Views: 8.5ms | Allocations: 3294)


Started GET "/stocks" for ::1 at 2021-10-18 20:47:18 +1100
Processing by StocksController#form as HTML
  Rendering layout layouts/application.html.erb
  Rendering stocks/form.html.erb within layouts/application
  Rendered stocks/form.html.erb within layouts/application (Duration: 0.4ms | Allocations: 106)
[Webpacker] Everything's up-to-date. Nothing to do
  Rendered layout layouts/application.html.erb (Duration: 5.0ms | Allocations: 2953)
Completed 200 OK in 7ms (Views: 6.5ms | Allocations: 3824)


Started GET "/stocks" for ::1 at 2021-10-18 20:48:31 +1100
Processing by StocksController#form as HTML
  Rendering layout layouts/application.html.erb
  Rendering stocks/form.html.erb within layouts/application
  Rendered stocks/form.html.erb within layouts/application (Duration: 0.1ms | Allocations: 38)
[Webpacker] Everything's up-to-date. Nothing to do
  Rendered layout layouts/application.html.erb (Duration: 4.3ms | Allocations: 2893)
Completed 200 OK in 6ms (Views: 5.4ms | Allocations: 3387)


Started GET "/" for ::1 at 2021-10-18 20:49:44 +1100
Processing by PagesController#home as HTML
  Rendering layout layouts/application.html.erb
  Rendering pages/home.html.erb within layouts/application
  Rendered pages/home.html.erb within layouts/application (Duration: 0.4ms | Allocations: 112)
[Webpacker] Everything's up-to-date. Nothing to do
  Rendered layout layouts/application.html.erb (Duration: 3.5ms | Allocations: 3143)
Completed 200 OK in 6ms (Views: 4.7ms | Allocations: 4228)


Started GET "/stocks" for ::1 at 2021-10-18 20:49:45 +1100
Processing by StocksController#form as HTML
  Rendering layout layouts/application.html.erb
  Rendering stocks/form.html.erb within layouts/application
  Rendered stocks/form.html.erb within layouts/application (Duration: 0.5ms | Allocations: 110)
[Webpacker] Everything's up-to-date. Nothing to do
  Rendered layout layouts/application.html.erb (Duration: 9.0ms | Allocations: 3652)
Completed 200 OK in 12ms (Views: 10.9ms | Allocations: 4521)


Started GET "/stocks" for ::1 at 2021-10-18 20:49:50 +1100
Processing by StocksController#form as HTML
  Rendering layout layouts/application.html.erb
  Rendering stocks/form.html.erb within layouts/application
  Rendered stocks/form.html.erb within layouts/application (Duration: 0.1ms | Allocations: 38)
[Webpacker] Everything's up-to-date. Nothing to do
  Rendered layout layouts/application.html.erb (Duration: 4.1ms | Allocations: 2920)
Completed 200 OK in 5ms (Views: 4.5ms | Allocations: 3298)


Started GET "/stocks/results?symbol=MSFT" for ::1 at 2021-10-18 20:50:14 +1100
  
ActionController::RoutingError (No route matches [GET] "/stocks/results"):
  
Started GET "/stocks" for ::1 at 2021-10-18 20:50:25 +1100
Processing by StocksController#form as HTML
  Rendering layout layouts/application.html.erb
  Rendering stocks/form.html.erb within layouts/application
  Rendered stocks/form.html.erb within layouts/application (Duration: 0.2ms | Allocations: 38)
[Webpacker] Everything's up-to-date. Nothing to do
  Rendered layout layouts/application.html.erb (Duration: 6.4ms | Allocations: 2928)
Completed 200 OK in 8ms (Views: 7.2ms | Allocations: 3301)


Started GET "/stocks" for ::1 at 2021-10-18 20:53:32 +1100
Processing by StocksController#form as HTML
  Rendering layout layouts/application.html.erb
  Rendering stocks/form.html.erb within layouts/application
  Rendered stocks/form.html.erb within layouts/application (Duration: 0.1ms | Allocations: 38)
[Webpacker] Everything's up-to-date. Nothing to do
  Rendered layout layouts/application.html.erb (Duration: 3.3ms | Allocations: 2894)
Completed 200 OK in 4ms (Views: 3.8ms | Allocations: 3386)


Started GET "/stocks" for ::1 at 2021-10-18 20:53:49 +1100
Processing by StocksController#form as HTML
  Rendering layout layouts/application.html.erb
  Rendering stocks/form.html.erb within layouts/application
  Rendered stocks/form.html.erb within layouts/application (Duration: 0.3ms | Allocations: 117)
[Webpacker] Everything's up-to-date. Nothing to do
  Rendered layout layouts/application.html.erb (Duration: 3.6ms | Allocations: 3174)
Completed 200 OK in 5ms (Views: 4.7ms | Allocations: 4256)


Started GET "/stocks/results?symbol=MSFT" for ::1 at 2021-10-18 20:53:51 +1100
Processing by StocksController#results as HTML
  Parameters: {"symbol"=>"MSFT"}
Completed 406 Not Acceptable in 6ms (Allocations: 1841)


  
ActionController::MissingExactTemplate (StocksController#results is missing a template for request formats: text/html):
  
actionpack (6.1.4.1) lib/action_controller/metal/implicit_render.rb:45:in `default_render'
actionpack (6.1.4.1) lib/action_controller/metal/basic_implicit_render.rb:6:in `block in send_action'
actionpack (6.1.4.1) lib/action_controller/metal/basic_implicit_render.rb:6:in `tap'
actionpack (6.1.4.1) lib/action_controller/metal/basic_implicit_render.rb:6:in `send_action'
actionpack (6.1.4.1) lib/abstract_controller/base.rb:228:in `process_action'
actionpack (6.1.4.1) lib/action_controller/metal/rendering.rb:30:in `process_action'
actionpack (6.1.4.1) lib/abstract_controller/callbacks.rb:42:in `block in process_action'
activesupport (6.1.4.1) lib/active_support/callbacks.rb:117:in `block in run_callbacks'
actiontext (6.1.4.1) lib/action_text/rendering.rb:20:in `with_renderer'
actiontext (6.1.4.1) lib/action_text/engine.rb:59:in `block (4 levels) in <class:Engine>'
activesupport (6.1.4.1) lib/active_support/callbacks.rb:126:in `instance_exec'
activesupport (6.1.4.1) lib/active_support/callbacks.rb:126:in `block in run_callbacks'
activesupport (6.1.4.1) lib/active_support/callbacks.rb:137:in `run_callbacks'
actionpack (6.1.4.1) lib/abstract_controller/callbacks.rb:41:in `process_action'
actionpack (6.1.4.1) lib/action_controller/metal/rescue.rb:22:in `process_action'
actionpack (6.1.4.1) lib/action_controller/metal/instrumentation.rb:34:in `block in process_action'
activesupport (6.1.4.1) lib/active_support/notifications.rb:203:in `block in instrument'
activesupport (6.1.4.1) lib/active_support/notifications/instrumenter.rb:24:in `instrument'
activesupport (6.1.4.1) lib/active_support/notifications.rb:203:in `instrument'
actionpack (6.1.4.1) lib/action_controller/metal/instrumentation.rb:33:in `process_action'
actionpack (6.1.4.1) lib/action_controller/metal/params_wrapper.rb:249:in `process_action'
activerecord (6.1.4.1) lib/active_record/railties/controller_runtime.rb:27:in `process_action'
actionpack (6.1.4.1) lib/abstract_controller/base.rb:165:in `process'
actionview (6.1.4.1) lib/action_view/rendering.rb:39:in `process'
actionpack (6.1.4.1) lib/action_controller/metal.rb:190:in `dispatch'
actionpack (6.1.4.1) lib/action_controller/metal.rb:254:in `dispatch'
actionpack (6.1.4.1) lib/action_dispatch/routing/route_set.rb:50:in `dispatch'
actionpack (6.1.4.1) lib/action_dispatch/routing/route_set.rb:33:in `serve'
actionpack (6.1.4.1) lib/action_dispatch/journey/router.rb:50:in `block in serve'
actionpack (6.1.4.1) lib/action_dispatch/journey/router.rb:32:in `each'
actionpack (6.1.4.1) lib/action_dispatch/journey/router.rb:32:in `serve'
actionpack (6.1.4.1) lib/action_dispatch/routing/route_set.rb:842:in `call'
rack (2.2.3) lib/rack/tempfile_reaper.rb:15:in `call'
rack (2.2.3) lib/rack/etag.rb:27:in `call'
rack (2.2.3) lib/rack/conditional_get.rb:27:in `call'
rack (2.2.3) lib/rack/head.rb:12:in `call'
actionpack (6.1.4.1) lib/action_dispatch/http/permissions_policy.rb:22:in `call'
actionpack (6.1.4.1) lib/action_dispatch/http/content_security_policy.rb:18:in `call'
rack (2.2.3) lib/rack/session/abstract/id.rb:266:in `context'
rack (2.2.3) lib/rack/session/abstract/id.rb:260:in `call'
actionpack (6.1.4.1) lib/action_dispatch/middleware/cookies.rb:689:in `call'
activerecord (6.1.4.1) lib/active_record/migration.rb:601:in `call'
actionpack (6.1.4.1) lib/action_dispatch/middleware/callbacks.rb:27:in `block in call'
activesupport (6.1.4.1) lib/active_support/callbacks.rb:98:in `run_callbacks'
actionpack (6.1.4.1) lib/action_dispatch/middleware/callbacks.rb:26:in `call'
actionpack (6.1.4.1) lib/action_dispatch/middleware/executor.rb:14:in `call'
actionpack (6.1.4.1) lib/action_dispatch/middleware/actionable_exceptions.rb:18:in `call'
actionpack (6.1.4.1) lib/action_dispatch/middleware/debug_exceptions.rb:29:in `call'
web-console (4.1.0) lib/web_console/middleware.rb:132:in `call_app'
web-console (4.1.0) lib/web_console/middleware.rb:28:in `block in call'
web-console (4.1.0) lib/web_console/middleware.rb:17:in `catch'
web-console (4.1.0) lib/web_console/middleware.rb:17:in `call'
actionpack (6.1.4.1) lib/action_dispatch/middleware/show_exceptions.rb:33:in `call'
railties (6.1.4.1) lib/rails/rack/logger.rb:37:in `call_app'
railties (6.1.4.1) lib/rails/rack/logger.rb:26:in `block in call'
activesupport (6.1.4.1) lib/active_support/tagged_logging.rb:99:in `block in tagged'
activesupport (6.1.4.1) lib/active_support/tagged_logging.rb:37:in `tagged'
activesupport (6.1.4.1) lib/active_support/tagged_logging.rb:99:in `tagged'
railties (6.1.4.1) lib/rails/rack/logger.rb:26:in `call'
sprockets-rails (3.2.2) lib/sprockets/rails/quiet_assets.rb:13:in `call'
actionpack (6.1.4.1) lib/action_dispatch/middleware/remote_ip.rb:81:in `call'
actionpack (6.1.4.1) lib/action_dispatch/middleware/request_id.rb:26:in `call'
rack (2.2.3) lib/rack/method_override.rb:24:in `call'
rack (2.2.3) lib/rack/runtime.rb:22:in `call'
activesupport (6.1.4.1) lib/active_support/cache/strategy/local_cache_middleware.rb:29:in `call'
actionpack (6.1.4.1) lib/action_dispatch/middleware/executor.rb:14:in `call'
actionpack (6.1.4.1) lib/action_dispatch/middleware/static.rb:24:in `call'
rack (2.2.3) lib/rack/sendfile.rb:110:in `call'
actionpack (6.1.4.1) lib/action_dispatch/middleware/host_authorization.rb:98:in `call'
rack-mini-profiler (2.3.3) lib/mini_profiler/profiler.rb:393:in `call'
webpacker (5.4.3) lib/webpacker/dev_server_proxy.rb:25:in `perform_request'
rack-proxy (0.7.0) lib/rack/proxy.rb:63:in `call'
railties (6.1.4.1) lib/rails/engine.rb:539:in `call'
puma (5.5.2) lib/puma/configuration.rb:249:in `call'
puma (5.5.2) lib/puma/request.rb:77:in `block in handle_request'
puma (5.5.2) lib/puma/thread_pool.rb:340:in `with_force_shutdown'
puma (5.5.2) lib/puma/request.rb:76:in `handle_request'
puma (5.5.2) lib/puma/server.rb:447:in `process_client'
puma (5.5.2) lib/puma/thread_pool.rb:147:in `block in spawn_thread'
Started GET "/stocks/results?symbol=MSFT" for ::1 at 2021-10-18 20:54:15 +1100
Processing by StocksController#results as HTML
  Parameters: {"symbol"=>"MSFT"}
  Rendering layout layouts/application.html.erb
  Rendering stocks/results.html.erb within layouts/application
  Rendered stocks/results.html.erb within layouts/application (Duration: 0.3ms | Allocations: 105)
[Webpacker] Everything's up-to-date. Nothing to do
  Rendered layout layouts/application.html.erb (Duration: 5.2ms | Allocations: 3171)
Completed 200 OK in 7ms (Views: 6.7ms | Allocations: 4260)


Started GET "/stocks" for ::1 at 2021-10-18 20:54:16 +1100
Processing by StocksController#form as HTML
  Rendering layout layouts/application.html.erb
  Rendering stocks/form.html.erb within layouts/application
  Rendered stocks/form.html.erb within layouts/application (Duration: 1.2ms | Allocations: 111)
[Webpacker] Everything's up-to-date. Nothing to do
  Rendered layout layouts/application.html.erb (Duration: 13.2ms | Allocations: 2996)
Completed 200 OK in 17ms (Views: 14.8ms | Allocations: 3495)


Started GET "/stocks" for ::1 at 2021-10-18 21:00:05 +1100
Processing by StocksController#form as HTML
  Rendering layout layouts/application.html.erb
  Rendering stocks/form.html.erb within layouts/application
  Rendered stocks/form.html.erb within layouts/application (Duration: 0.3ms | Allocations: 114)
[Webpacker] Everything's up-to-date. Nothing to do
  Rendered layout layouts/application.html.erb (Duration: 3.4ms | Allocations: 3140)
Completed 200 OK in 5ms (Views: 4.5ms | Allocations: 4228)


Started GET "/" for ::1 at 2021-10-18 21:00:06 +1100
Processing by PagesController#home as HTML
  Rendering layout layouts/application.html.erb
  Rendering pages/home.html.erb within layouts/application
  Rendered pages/home.html.erb within layouts/application (Duration: 0.5ms | Allocations: 110)
[Webpacker] Everything's up-to-date. Nothing to do
  Rendered layout layouts/application.html.erb (Duration: 7.2ms | Allocations: 2959)
Completed 200 OK in 11ms (Views: 9.4ms | Allocations: 3917)


Started GET "/stocks" for ::1 at 2021-10-18 21:00:07 +1100
Processing by StocksController#form as HTML
  Rendering layout layouts/application.html.erb
  Rendering stocks/form.html.erb within layouts/application
  Rendered stocks/form.html.erb within layouts/application (Duration: 0.1ms | Allocations: 38)
[Webpacker] Everything's up-to-date. Nothing to do
  Rendered layout layouts/application.html.erb (Duration: 6.3ms | Allocations: 2923)
Completed 200 OK in 8ms (Views: 7.1ms | Allocations: 3300)


Started GET "/stocks/results?symbol=MSFT" for ::1 at 2021-10-18 21:00:08 +1100
Processing by StocksController#results as HTML
  Parameters: {"symbol"=>"MSFT"}
  Rendering layout layouts/application.html.erb
  Rendering stocks/results.html.erb within layouts/application
  Rendered stocks/results.html.erb within layouts/application (Duration: 0.9ms | Allocations: 149)
[Webpacker] Everything's up-to-date. Nothing to do
  Rendered layout layouts/application.html.erb (Duration: 12.1ms | Allocations: 2981)
Completed 200 OK in 1089ms (Views: 13.1ms | Allocations: 9990)


Started GET "/stocks" for ::1 at 2021-10-18 21:00:22 +1100
Processing by StocksController#form as HTML
  Rendering layout layouts/application.html.erb
  Rendering stocks/form.html.erb within layouts/application
  Rendered stocks/form.html.erb within layouts/application (Duration: 0.9ms | Allocations: 111)
[Webpacker] Everything's up-to-date. Nothing to do
  Rendered layout layouts/application.html.erb (Duration: 24.0ms | Allocations: 3166)
Completed 200 OK in 31ms (Views: 28.4ms | Allocations: 4247)


Started GET "/stocks/results?symbol=MSFT" for ::1 at 2021-10-18 21:00:23 +1100
Processing by StocksController#results as HTML
  Parameters: {"symbol"=>"MSFT"}
  Rendering layout layouts/application.html.erb
  Rendering stocks/results.html.erb within layouts/application
  Rendered stocks/results.html.erb within layouts/application (Duration: 0.8ms | Allocations: 150)
[Webpacker] Everything's up-to-date. Nothing to do
  Rendered layout layouts/application.html.erb (Duration: 7.5ms | Allocations: 2979)
Completed 200 OK in 922ms (Views: 8.4ms | Allocations: 7758)


Started GET "/stocks" for ::1 at 2021-10-18 21:00:32 +1100
Processing by StocksController#form as HTML
  Rendering layout layouts/application.html.erb
  Rendering stocks/form.html.erb within layouts/application
  Rendered stocks/form.html.erb within layouts/application (Duration: 0.2ms | Allocations: 38)
[Webpacker] Everything's up-to-date. Nothing to do
  Rendered layout layouts/application.html.erb (Duration: 7.9ms | Allocations: 2920)
Completed 200 OK in 10ms (Views: 8.9ms | Allocations: 3294)


Started GET "/stocks/results?symbol=AAPL" for ::1 at 2021-10-18 21:00:36 +1100
Processing by StocksController#results as HTML
  Parameters: {"symbol"=>"AAPL"}
  Rendering layout layouts/application.html.erb
  Rendering stocks/results.html.erb within layouts/application
  Rendered stocks/results.html.erb within layouts/application (Duration: 0.4ms | Allocations: 41)
[Webpacker] Everything's up-to-date. Nothing to do
  Rendered layout layouts/application.html.erb (Duration: 13.9ms | Allocations: 2870)
Completed 200 OK in 1062ms (Views: 15.3ms | Allocations: 7437)


Started GET "/stocks" for ::1 at 2021-10-18 21:00:40 +1100
Processing by StocksController#form as HTML
  Rendering layout layouts/application.html.erb
  Rendering stocks/form.html.erb within layouts/application
  Rendered stocks/form.html.erb within layouts/application (Duration: 0.2ms | Allocations: 38)
[Webpacker] Everything's up-to-date. Nothing to do
  Rendered layout layouts/application.html.erb (Duration: 7.7ms | Allocations: 2920)
Completed 200 OK in 9ms (Views: 8.6ms | Allocations: 3293)


Started GET "/stocks/results?symbol=GOOG" for ::1 at 2021-10-18 21:00:45 +1100
Processing by StocksController#results as HTML
  Parameters: {"symbol"=>"GOOG"}
  Rendering layout layouts/application.html.erb
  Rendering stocks/results.html.erb within layouts/application
  Rendered stocks/results.html.erb within layouts/application (Duration: 0.4ms | Allocations: 41)
[Webpacker] Everything's up-to-date. Nothing to do
  Rendered layout layouts/application.html.erb (Duration: 15.1ms | Allocations: 2861)
Completed 200 OK in 1204ms (Views: 16.2ms | Allocations: 7428)


Started GET "/stocks" for ::1 at 2021-10-18 21:00:49 +1100
Processing by StocksController#form as HTML
  Rendering layout layouts/application.html.erb
  Rendering stocks/form.html.erb within layouts/application
  Rendered stocks/form.html.erb within layouts/application (Duration: 0.2ms | Allocations: 38)
[Webpacker] Everything's up-to-date. Nothing to do
  Rendered layout layouts/application.html.erb (Duration: 12.5ms | Allocations: 2926)
Completed 200 OK in 15ms (Views: 13.6ms | Allocations: 3299)


Started GET "/stocks" for ::1 at 2021-10-18 21:04:07 +1100
Processing by StocksController#form as HTML
  Rendering layout layouts/application.html.erb
  Rendering stocks/form.html.erb within layouts/application
  Rendered stocks/form.html.erb within layouts/application (Duration: 0.3ms | Allocations: 117)
[Webpacker] Everything's up-to-date. Nothing to do
  Rendered layout layouts/application.html.erb (Duration: 3.7ms | Allocations: 3143)
Completed 200 OK in 5ms (Views: 4.6ms | Allocations: 4233)


Started GET "/stocks" for ::1 at 2021-10-18 21:04:17 +1100
Processing by StocksController#form as HTML
  Rendering layout layouts/application.html.erb
  Rendering stocks/form.html.erb within layouts/application
  Rendered stocks/form.html.erb within layouts/application (Duration: 0.3ms | Allocations: 112)
[Webpacker] Everything's up-to-date. Nothing to do
  Rendered layout layouts/application.html.erb (Duration: 6.4ms | Allocations: 3176)
Completed 200 OK in 9ms (Views: 8.1ms | Allocations: 4253)


Started GET "/books" for ::1 at 2021-10-18 21:05:00 +1100
Processing by BooksController#form as HTML
  Rendering layout layouts/application.html.erb
  Rendering books/form.html.erb within layouts/application
  Rendered books/form.html.erb within layouts/application (Duration: 0.2ms | Allocations: 113)
[Webpacker] Everything's up-to-date. Nothing to do
  Rendered layout layouts/application.html.erb (Duration: 2.8ms | Allocations: 3130)
Completed 200 OK in 5ms (Views: 3.8ms | Allocations: 4213)


Started GET "/stocks/results?title=Jaws" for ::1 at 2021-10-18 21:06:20 +1100
Processing by StocksController#results as HTML
  Parameters: {"title"=>"Jaws"}
Completed 500 Internal Server Error in 3ms (Allocations: 1094)


  
NoMethodError (undefined method `upcase' for nil:NilClass
Did you mean?  case):
  
app/controllers/stocks_controller.rb:9:in `results'
Started GET "/stocks/results?title=Jaws" for ::1 at 2021-10-18 21:09:17 +1100
Processing by StocksController#results as HTML
  Parameters: {"title"=>"Jaws"}
Completed 500 Internal Server Error in 1ms (Allocations: 1087)


  
NoMethodError (undefined method `upcase' for nil:NilClass
Did you mean?  case):
  
app/controllers/stocks_controller.rb:9:in `results'
Started GET "/books" for ::1 at 2021-10-18 21:09:18 +1100
Processing by BooksController#form as HTML
  Rendering layout layouts/application.html.erb
  Rendering books/form.html.erb within layouts/application
  Rendered books/form.html.erb within layouts/application (Duration: 0.7ms | Allocations: 114)
[Webpacker] Everything's up-to-date. Nothing to do
  Rendered layout layouts/application.html.erb (Duration: 10.8ms | Allocations: 3178)
Completed 200 OK in 18ms (Views: 15.1ms | Allocations: 4259)


Started GET "/books/results?title=Jaws" for ::1 at 2021-10-18 21:09:21 +1100
Processing by BooksController#results as HTML
  Parameters: {"title"=>"Jaws"}
  Rendering layout layouts/application.html.erb
  Rendering books/results.html.erb within layouts/application
  Rendered books/results.html.erb within layouts/application (Duration: 1.1ms | Allocations: 148)
[Webpacker] Everything's up-to-date. Nothing to do
  Rendered layout layouts/application.html.erb (Duration: 8.8ms | Allocations: 3025)
Completed 200 OK in 12ms (Views: 10.0ms | Allocations: 3499)


Started GET "/books" for ::1 at 2021-10-18 21:11:20 +1100
Processing by BooksController#form as HTML
  Rendering layout layouts/application.html.erb
  Rendering books/form.html.erb within layouts/application
  Rendered books/form.html.erb within layouts/application (Duration: 0.1ms | Allocations: 38)
[Webpacker] Everything's up-to-date. Nothing to do
  Rendered layout layouts/application.html.erb (Duration: 2.5ms | Allocations: 2894)
Completed 200 OK in 3ms (Views: 3.1ms | Allocations: 3386)


Started GET "/books/results?title=Jaws" for ::1 at 2021-10-18 21:11:21 +1100
Processing by BooksController#results as HTML
  Parameters: {"title"=>"Jaws"}
  Rendering layout layouts/application.html.erb
  Rendering books/results.html.erb within layouts/application
  Rendered books/results.html.erb within layouts/application (Duration: 0.3ms | Allocations: 39)
[Webpacker] Everything's up-to-date. Nothing to do
  Rendered layout layouts/application.html.erb (Duration: 9.5ms | Allocations: 2924)
Completed 200 OK in 323ms (Views: 10.9ms | Allocations: 3996)


Started GET "/books/results?title=Jaws" for ::1 at 2021-10-18 21:11:44 +1100
Processing by BooksController#results as HTML
  Parameters: {"title"=>"Jaws"}
  Rendering layout layouts/application.html.erb
  Rendering books/results.html.erb within layouts/application
  Rendered books/results.html.erb within layouts/application (Duration: 1.1ms | Allocations: 150)
[Webpacker] Everything's up-to-date. Nothing to do
  Rendered layout layouts/application.html.erb (Duration: 16.1ms | Allocations: 3208)
Completed 200 OK in 400ms (Views: 20.0ms | Allocations: 4969)


Started GET "/books/results?title=Jaws" for ::1 at 2021-10-18 21:16:59 +1100
Processing by BooksController#results as HTML
  Parameters: {"title"=>"Jaws"}
Completed 500 Internal Server Error in 294ms (Allocations: 1748)


  
NoMethodError (undefined method `[]' for nil:NilClass):
  
app/controllers/books_controller.rb:12:in `results'
Started GET "/books/results?title=Jaws" for ::1 at 2021-10-18 21:17:03 +1100
Processing by BooksController#results as HTML
  Parameters: {"title"=>"Jaws"}
Completed 500 Internal Server Error in 372ms (Allocations: 1777)


  
NoMethodError (undefined method `[]' for nil:NilClass):
  
app/controllers/books_controller.rb:12:in `results'
Started GET "/books/results?title=Jaws" for ::1 at 2021-10-18 21:17:50 +1100
Processing by BooksController#results as HTML
  Parameters: {"title"=>"Jaws"}
Completed 500 Internal Server Error in 361ms (Allocations: 1767)


  
NoMethodError (undefined method `[]' for nil:NilClass):
  
app/controllers/books_controller.rb:12:in `results'
Started GET "/books" for ::1 at 2021-10-18 21:18:03 +1100
Processing by BooksController#form as HTML
  Rendering layout layouts/application.html.erb
  Rendering books/form.html.erb within layouts/application
  Rendered books/form.html.erb within layouts/application (Duration: 1.1ms | Allocations: 113)
[Webpacker] Everything's up-to-date. Nothing to do
  Rendered layout layouts/application.html.erb (Duration: 8.9ms | Allocations: 3177)
Completed 200 OK in 15ms (Views: 12.5ms | Allocations: 4258)


Started GET "/books/results?title=Jaws" for ::1 at 2021-10-18 21:18:04 +1100
Processing by BooksController#results as HTML
  Parameters: {"title"=>"Jaws"}
Completed 500 Internal Server Error in 345ms (Allocations: 1767)


  
NoMethodError (undefined method `[]' for nil:NilClass):
  
app/controllers/books_controller.rb:12:in `results'
Started GET "/books" for ::1 at 2021-10-18 21:18:06 +1100
Processing by BooksController#form as HTML
  Rendering layout layouts/application.html.erb
  Rendering books/form.html.erb within layouts/application
  Rendered books/form.html.erb within layouts/application (Duration: 0.1ms | Allocations: 38)
[Webpacker] Everything's up-to-date. Nothing to do
  Rendered layout layouts/application.html.erb (Duration: 5.5ms | Allocations: 2929)
Completed 200 OK in 7ms (Views: 6.1ms | Allocations: 3304)


Started GET "/books/results?title=Normal+People" for ::1 at 2021-10-18 21:18:13 +1100
Processing by BooksController#results as HTML
  Parameters: {"title"=>"Normal People"}
Completed 500 Internal Server Error in 300ms (Allocations: 1775)


  
NoMethodError (undefined method `[]' for nil:NilClass):
  
app/controllers/books_controller.rb:12:in `results'
Started GET "/books" for ::1 at 2021-10-18 21:18:26 +1100
Processing by BooksController#form as HTML
  Rendering layout layouts/application.html.erb
  Rendering books/form.html.erb within layouts/application
  Rendered books/form.html.erb within layouts/application (Duration: 0.1ms | Allocations: 38)
[Webpacker] Everything's up-to-date. Nothing to do
  Rendered layout layouts/application.html.erb (Duration: 3.3ms | Allocations: 2894)
Completed 200 OK in 4ms (Views: 3.9ms | Allocations: 3386)


Started GET "/books" for ::1 at 2021-10-18 21:18:27 +1100
Processing by BooksController#form as HTML
  Rendering layout layouts/application.html.erb
  Rendering books/form.html.erb within layouts/application
  Rendered books/form.html.erb within layouts/application (Duration: 0.2ms | Allocations: 38)
[Webpacker] Everything's up-to-date. Nothing to do
  Rendered layout layouts/application.html.erb (Duration: 6.8ms | Allocations: 2929)
Completed 200 OK in 9ms (Views: 7.8ms | Allocations: 3303)


Started GET "/books/results?title=Normal+People" for ::1 at 2021-10-18 21:18:35 +1100
Processing by BooksController#results as HTML
  Parameters: {"title"=>"Normal People"}
Completed 500 Internal Server Error in 376ms (Allocations: 1227)


  
RuntimeError (hell):
  
app/controllers/books_controller.rb:12:in `results'
Started PUT "/__web_console/repl_sessions/0107217c95d03ee4e521fa48318f1cae" for ::1 at 2021-10-18 21:18:39 +1100
Started PUT "/__web_console/repl_sessions/0107217c95d03ee4e521fa48318f1cae" for ::1 at 2021-10-18 21:18:39 +1100
Started PUT "/__web_console/repl_sessions/0107217c95d03ee4e521fa48318f1cae" for ::1 at 2021-10-18 21:18:50 +1100
Started GET "/books" for ::1 at 2021-10-18 21:19:03 +1100
Processing by BooksController#form as HTML
  Rendering layout layouts/application.html.erb
  Rendering books/form.html.erb within layouts/application
  Rendered books/form.html.erb within layouts/application (Duration: 0.1ms | Allocations: 38)
[Webpacker] Everything's up-to-date. Nothing to do
  Rendered layout layouts/application.html.erb (Duration: 2.9ms | Allocations: 2894)
Completed 200 OK in 4ms (Views: 3.5ms | Allocations: 3386)


Started GET "/books/results?title=Normal+People" for ::1 at 2021-10-18 21:19:04 +1100
Processing by BooksController#results as HTML
  Parameters: {"title"=>"Normal People"}
Completed 500 Internal Server Error in 916ms (Allocations: 1923)


  
RuntimeError (hell):
  
app/controllers/books_controller.rb:12:in `results'
Started PUT "/__web_console/repl_sessions/cf21af62e44f2a1e7cbe92f4988f2986" for ::1 at 2021-10-18 21:19:09 +1100
Started PUT "/__web_console/repl_sessions/cf21af62e44f2a1e7cbe92f4988f2986" for ::1 at 2021-10-18 21:19:10 +1100
Started GET "/books" for ::1 at 2021-10-18 21:19:33 +1100
Processing by BooksController#form as HTML
  Rendering layout layouts/application.html.erb
  Rendering books/form.html.erb within layouts/application
  Rendered books/form.html.erb within layouts/application (Duration: 0.1ms | Allocations: 38)
[Webpacker] Everything's up-to-date. Nothing to do
  Rendered layout layouts/application.html.erb (Duration: 3.9ms | Allocations: 2894)
Completed 200 OK in 5ms (Views: 4.5ms | Allocations: 3386)


Started GET "/books/results?title=Normal+People" for ::1 at 2021-10-18 21:19:34 +1100
Processing by BooksController#results as HTML
  Parameters: {"title"=>"Normal People"}
  Rendering layout layouts/application.html.erb
  Rendering books/results.html.erb within layouts/application
  Rendered books/results.html.erb within layouts/application (Duration: 1.1ms | Allocations: 146)
[Webpacker] Everything's up-to-date. Nothing to do
  Rendered layout layouts/application.html.erb (Duration: 9.7ms | Allocations: 3031)
Completed 200 OK in 908ms (Views: 10.9ms | Allocations: 6377)


Started GET "/books" for ::1 at 2021-10-18 21:19:44 +1100
Processing by BooksController#form as HTML
  Rendering layout layouts/application.html.erb
  Rendering books/form.html.erb within layouts/application
  Rendered books/form.html.erb within layouts/application (Duration: 0.4ms | Allocations: 113)
[Webpacker] Everything's up-to-date. Nothing to do
  Rendered layout layouts/application.html.erb (Duration: 5.3ms | Allocations: 3168)
Completed 200 OK in 8ms (Views: 6.9ms | Allocations: 4249)


Started GET "/books/results?title=Aliens" for ::1 at 2021-10-18 21:19:49 +1100
Processing by BooksController#results as HTML
  Parameters: {"title"=>"Aliens"}
  Rendering layout layouts/application.html.erb
  Rendering books/results.html.erb within layouts/application
  Rendered books/results.html.erb within layouts/application (Duration: 0.7ms | Allocations: 148)
[Webpacker] Everything's up-to-date. Nothing to do
  Rendered layout layouts/application.html.erb (Duration: 9.0ms | Allocations: 3042)
Completed 200 OK in 918ms (Views: 9.9ms | Allocations: 5983)


Started GET "/books" for ::1 at 2021-10-18 21:19:53 +1100
Processing by BooksController#form as HTML
  Rendering layout layouts/application.html.erb
  Rendering books/form.html.erb within layouts/application
  Rendered books/form.html.erb within layouts/application (Duration: 0.2ms | Allocations: 38)
[Webpacker] Everything's up-to-date. Nothing to do
  Rendered layout layouts/application.html.erb (Duration: 17.2ms | Allocations: 2920)
Completed 200 OK in 21ms (Views: 19.0ms | Allocations: 3294)


Started GET "/books/results?title=The+Stand" for ::1 at 2021-10-18 21:20:00 +1100
Processing by BooksController#results as HTML
  Parameters: {"title"=>"The Stand"}
  Rendering layout layouts/application.html.erb
  Rendering books/results.html.erb within layouts/application
  Rendered books/results.html.erb within layouts/application (Duration: 0.4ms | Allocations: 40)
[Webpacker] Everything's up-to-date. Nothing to do
  Rendered layout layouts/application.html.erb (Duration: 8.4ms | Allocations: 2922)
Completed 200 OK in 1052ms (Views: 9.3ms | Allocations: 5959)


Started GET "/books" for ::1 at 2021-10-18 21:22:40 +1100
Processing by BooksController#form as HTML
  Rendering layout layouts/application.html.erb
  Rendering books/form.html.erb within layouts/application
  Rendered books/form.html.erb within layouts/application (Duration: 0.9ms | Allocations: 113)
[Webpacker] Everything's up-to-date. Nothing to do
  Rendered layout layouts/application.html.erb (Duration: 13.5ms | Allocations: 3186)
Completed 200 OK in 21ms (Views: 17.7ms | Allocations: 4268)


Started GET "/stocks" for ::1 at 2021-10-18 21:22:41 +1100
Processing by StocksController#form as HTML
  Rendering layout layouts/application.html.erb
  Rendering stocks/form.html.erb within layouts/application
  Rendered stocks/form.html.erb within layouts/application (Duration: 1.2ms | Allocations: 111)
[Webpacker] Everything's up-to-date. Nothing to do
  Rendered layout layouts/application.html.erb (Duration: 10.5ms | Allocations: 2958)
Completed 200 OK in 16ms (Views: 13.7ms | Allocations: 3820)


Started GET "/" for ::1 at 2021-10-18 21:22:42 +1100
Processing by PagesController#home as HTML
  Rendering layout layouts/application.html.erb
  Rendering pages/home.html.erb within layouts/application
  Rendered pages/home.html.erb within layouts/application (Duration: 0.7ms | Allocations: 110)
[Webpacker] Everything's up-to-date. Nothing to do
  Rendered layout layouts/application.html.erb (Duration: 12.9ms | Allocations: 2957)
Completed 200 OK in 18ms (Views: 15.5ms | Allocations: 3905)


Started GET "/" for ::1 at 2021-10-18 21:22:44 +1100
Processing by PagesController#home as HTML
  Rendering layout layouts/application.html.erb
  Rendering pages/home.html.erb within layouts/application
  Rendered pages/home.html.erb within layouts/application (Duration: 0.4ms | Allocations: 38)
[Webpacker] Everything's up-to-date. Nothing to do
  Rendered layout layouts/application.html.erb (Duration: 11.8ms | Allocations: 2929)
Completed 200 OK in 14ms (Views: 12.9ms | Allocations: 3304)


Started GET "/" for ::1 at 2021-10-18 21:22:44 +1100
Processing by PagesController#home as HTML
  Rendering layout layouts/application.html.erb
  Rendering pages/home.html.erb within layouts/application
  Rendered pages/home.html.erb within layouts/application (Duration: 0.3ms | Allocations: 38)
[Webpacker] Everything's up-to-date. Nothing to do
  Rendered layout layouts/application.html.erb (Duration: 9.9ms | Allocations: 2920)
Completed 200 OK in 12ms (Views: 11.0ms | Allocations: 3293)


Started GET "/" for ::1 at 2021-10-18 21:22:44 +1100
Processing by PagesController#home as HTML
  Rendering layout layouts/application.html.erb
  Rendering pages/home.html.erb within layouts/application
  Rendered pages/home.html.erb within layouts/application (Duration: 0.0ms | Allocations: 38)
[Webpacker] Everything's up-to-date. Nothing to do
  Rendered layout layouts/application.html.erb (Duration: 2.4ms | Allocations: 2920)
Completed 200 OK in 3ms (Views: 2.7ms | Allocations: 3293)


Started GET "/" for ::1 at 2021-10-18 21:22:44 +1100
Processing by PagesController#home as HTML
  Rendering layout layouts/application.html.erb
  Rendering pages/home.html.erb within layouts/application
  Rendered pages/home.html.erb within layouts/application (Duration: 0.3ms | Allocations: 38)
[Webpacker] Everything's up-to-date. Nothing to do
  Rendered layout layouts/application.html.erb (Duration: 9.4ms | Allocations: 2920)
Completed 200 OK in 12ms (Views: 10.9ms | Allocations: 3293)


Started GET "/" for ::1 at 2021-10-18 21:23:00 +1100
Processing by PagesController#home as HTML
  Rendering layout layouts/application.html.erb
  Rendering pages/home.html.erb within layouts/application
  Rendered pages/home.html.erb within layouts/application (Duration: 0.2ms | Allocations: 101)
[Webpacker] Everything's up-to-date. Nothing to do
  Rendered layout layouts/application.html.erb (Duration: 3.1ms | Allocations: 3162)
Completed 200 OK in 5ms (Views: 4.2ms | Allocations: 4243)


Started GET "/" for ::1 at 2021-10-18 21:23:01 +1100
Processing by PagesController#home as HTML
  Rendering layout layouts/application.html.erb
  Rendering pages/home.html.erb within layouts/application
  Rendered pages/home.html.erb within layouts/application (Duration: 0.3ms | Allocations: 38)
[Webpacker] Everything's up-to-date. Nothing to do
  Rendered layout layouts/application.html.erb (Duration: 11.2ms | Allocations: 2919)
Completed 200 OK in 14ms (Views: 12.4ms | Allocations: 3293)


Started GET "/" for ::1 at 2021-10-18 21:23:02 +1100
Processing by PagesController#home as HTML
  Rendering layout layouts/application.html.erb
  Rendering pages/home.html.erb within layouts/application
  Rendered pages/home.html.erb within layouts/application (Duration: 0.1ms | Allocations: 38)
[Webpacker] Everything's up-to-date. Nothing to do
  Rendered layout layouts/application.html.erb (Duration: 5.4ms | Allocations: 2925)
Completed 200 OK in 7ms (Views: 6.0ms | Allocations: 3301)


Started GET "/stocks" for ::1 at 2021-10-18 21:23:02 +1100
Processing by StocksController#form as HTML
  Rendering layout layouts/application.html.erb
  Rendering stocks/form.html.erb within layouts/application
  Rendered stocks/form.html.erb within layouts/application (Duration: 1.2ms | Allocations: 111)
[Webpacker] Everything's up-to-date. Nothing to do
  Rendered layout layouts/application.html.erb (Duration: 13.7ms | Allocations: 3642)
Completed 200 OK in 21ms (Views: 18.4ms | Allocations: 4510)


Started GET "/books" for ::1 at 2021-10-18 21:23:04 +1100
Processing by BooksController#form as HTML
  Rendering layout layouts/application.html.erb
  Rendering books/form.html.erb within layouts/application
  Rendered books/form.html.erb within layouts/application (Duration: 0.3ms | Allocations: 117)
[Webpacker] Everything's up-to-date. Nothing to do
  Rendered layout layouts/application.html.erb (Duration: 6.1ms | Allocations: 3131)
Completed 200 OK in 9ms (Views: 7.9ms | Allocations: 4517)


Started GET "/stocks" for ::1 at 2021-10-18 21:23:05 +1100
Processing by StocksController#form as HTML
  Rendering layout layouts/application.html.erb
  Rendering stocks/form.html.erb within layouts/application
  Rendered stocks/form.html.erb within layouts/application (Duration: 0.1ms | Allocations: 38)
[Webpacker] Everything's up-to-date. Nothing to do
  Rendered layout layouts/application.html.erb (Duration: 4.3ms | Allocations: 2932)
Completed 200 OK in 6ms (Views: 5.4ms | Allocations: 3800)


Started GET "/" for ::1 at 2021-10-18 21:23:06 +1100
Processing by PagesController#home as HTML
  Rendering layout layouts/application.html.erb
  Rendering pages/home.html.erb within layouts/application
  Rendered pages/home.html.erb within layouts/application (Duration: 0.1ms | Allocations: 38)
[Webpacker] Everything's up-to-date. Nothing to do
  Rendered layout layouts/application.html.erb (Duration: 8.2ms | Allocations: 3577)
Completed 200 OK in 10ms (Views: 8.9ms | Allocations: 3954)


Started GET "/stocks" for ::1 at 2021-10-18 21:23:06 +1100
Processing by StocksController#form as HTML
  Rendering layout layouts/application.html.erb
  Rendering stocks/form.html.erb within layouts/application
  Rendered stocks/form.html.erb within layouts/application (Duration: 0.3ms | Allocations: 38)
[Webpacker] Everything's up-to-date. Nothing to do
  Rendered layout layouts/application.html.erb (Duration: 11.3ms | Allocations: 2920)
Completed 200 OK in 15ms (Views: 13.4ms | Allocations: 3296)


Started GET "/books" for ::1 at 2021-10-18 21:23:07 +1100
Processing by BooksController#form as HTML
  Rendering layout layouts/application.html.erb
  Rendering books/form.html.erb within layouts/application
  Rendered books/form.html.erb within layouts/application (Duration: 0.3ms | Allocations: 38)
[Webpacker] Everything's up-to-date. Nothing to do
  Rendered layout layouts/application.html.erb (Duration: 15.5ms | Allocations: 2920)
Completed 200 OK in 19ms (Views: 17.2ms | Allocations: 3297)


Started GET "/" for ::1 at 2021-10-18 21:23:07 +1100
Processing by PagesController#home as HTML
  Rendering layout layouts/application.html.erb
  Rendering pages/home.html.erb within layouts/application
  Rendered pages/home.html.erb within layouts/application (Duration: 0.4ms | Allocations: 38)
[Webpacker] Everything's up-to-date. Nothing to do
  Rendered layout layouts/application.html.erb (Duration: 17.7ms | Allocations: 2919)
Completed 200 OK in 21ms (Views: 19.0ms | Allocations: 3295)


Started GET "/" for ::1 at 2021-10-18 21:23:40 +1100
Processing by PagesController#home as HTML
  Rendering layout layouts/application.html.erb
  Rendering pages/home.html.erb within layouts/application
  Rendered pages/home.html.erb within layouts/application (Duration: 0.3ms | Allocations: 109)
[Webpacker] Everything's up-to-date. Nothing to do
  Rendered layout layouts/application.html.erb (Duration: 3.7ms | Allocations: 3180)
Completed 200 OK in 6ms (Views: 4.8ms | Allocations: 4262)


Started GET "/" for ::1 at 2021-10-18 21:23:47 +1100
Processing by PagesController#home as HTML
  Rendering layout layouts/application.html.erb
  Rendering pages/home.html.erb within layouts/application
  Rendered pages/home.html.erb within layouts/application (Duration: 0.7ms | Allocations: 104)
[Webpacker] Everything's up-to-date. Nothing to do
  Rendered layout layouts/application.html.erb (Duration: 11.2ms | Allocations: 3166)
Completed 200 OK in 18ms (Views: 14.5ms | Allocations: 4242)


Started GET "/" for ::1 at 2021-10-18 21:23:47 +1100
Processing by PagesController#home as HTML
  Rendering layout layouts/application.html.erb
  Rendering pages/home.html.erb within layouts/application
  Rendered pages/home.html.erb within layouts/application (Duration: 0.3ms | Allocations: 38)
[Webpacker] Everything's up-to-date. Nothing to do
  Rendered layout layouts/application.html.erb (Duration: 14.0ms | Allocations: 2929)
Completed 200 OK in 17ms (Views: 15.5ms | Allocations: 3304)


Started GET "/stocks" for ::1 at 2021-10-18 21:23:49 +1100
Processing by StocksController#form as HTML
  Rendering layout layouts/application.html.erb
  Rendering stocks/form.html.erb within layouts/application
  Rendered stocks/form.html.erb within layouts/application (Duration: 0.3ms | Allocations: 118)
[Webpacker] Everything's up-to-date. Nothing to do
  Rendered layout layouts/application.html.erb (Duration: 4.3ms | Allocations: 3137)
Completed 200 OK in 7ms (Views: 6.1ms | Allocations: 4529)


Started GET "/books" for ::1 at 2021-10-18 21:23:49 +1100
Processing by BooksController#form as HTML
  Rendering layout layouts/application.html.erb
  Rendering books/form.html.erb within layouts/application
  Rendered books/form.html.erb within layouts/application (Duration: 1.0ms | Allocations: 132)
[Webpacker] Everything's up-to-date. Nothing to do
  Rendered layout layouts/application.html.erb (Duration: 15.0ms | Allocations: 3636)
Completed 200 OK in 22ms (Views: 19.6ms | Allocations: 4498)


Started GET "/stocks" for ::1 at 2021-10-18 21:23:50 +1100
Processing by StocksController#form as HTML
  Rendering layout layouts/application.html.erb
  Rendering stocks/form.html.erb within layouts/application
  Rendered stocks/form.html.erb within layouts/application (Duration: 0.3ms | Allocations: 38)
[Webpacker] Everything's up-to-date. Nothing to do
  Rendered layout layouts/application.html.erb (Duration: 11.1ms | Allocations: 2923)
Completed 200 OK in 14ms (Views: 12.4ms | Allocations: 3300)


Started GET "/" for ::1 at 2021-10-18 21:23:50 +1100
Processing by PagesController#home as HTML
  Rendering layout layouts/application.html.erb
  Rendering pages/home.html.erb within layouts/application
  Rendered pages/home.html.erb within layouts/application (Duration: 0.4ms | Allocations: 38)
[Webpacker] Everything's up-to-date. Nothing to do
  Rendered layout layouts/application.html.erb (Duration: 18.3ms | Allocations: 2923)
Completed 200 OK in 21ms (Views: 19.7ms | Allocations: 3300)


Started GET "/" for ::1 at 2021-10-18 21:32:48 +1100
Processing by PagesController#home as HTML
  Rendering layout layouts/application.html.erb
  Rendering pages/home.html.erb within layouts/application
  Rendered pages/home.html.erb within layouts/application (Duration: 0.2ms | Allocations: 38)
[Webpacker] Everything's up-to-date. Nothing to do
  Rendered layout layouts/application.html.erb (Duration: 22.4ms | Allocations: 9532)
Completed 200 OK in 24ms (Views: 23.3ms | Allocations: 9905)


Started GET "/" for ::1 at 2021-10-18 21:32:48 +1100
Processing by PagesController#home as HTML
  Rendering layout layouts/application.html.erb
  Rendering pages/home.html.erb within layouts/application
  Rendered pages/home.html.erb within layouts/application (Duration: 0.2ms | Allocations: 38)
[Webpacker] Everything's up-to-date. Nothing to do
  Rendered layout layouts/application.html.erb (Duration: 6.0ms | Allocations: 2979)
Completed 200 OK in 7ms (Views: 6.6ms | Allocations: 3352)


Started GET "/" for ::1 at 2021-10-18 21:32:56 +1100
Processing by PagesController#home as HTML
  Rendering layout layouts/application.html.erb
  Rendering pages/home.html.erb within layouts/application
  Rendered pages/home.html.erb within layouts/application (Duration: 0.3ms | Allocations: 38)
[Webpacker] Everything's up-to-date. Nothing to do
  Rendered layout layouts/application.html.erb (Duration: 48.8ms | Allocations: 9711)
Completed 200 OK in 52ms (Views: 50.3ms | Allocations: 10085)


Started GET "/" for ::1 at 2021-10-18 21:33:02 +1100
Processing by PagesController#home as HTML
  Rendering layout layouts/application.html.erb
  Rendering pages/home.html.erb within layouts/application
  Rendered pages/home.html.erb within layouts/application (Duration: 0.3ms | Allocations: 38)
[Webpacker] Everything's up-to-date. Nothing to do
  Rendered layout layouts/application.html.erb (Duration: 52.0ms | Allocations: 10296)
Completed 200 OK in 55ms (Views: 53.7ms | Allocations: 10670)


Started GET "/stocks" for ::1 at 2021-10-18 21:33:04 +1100
Processing by StocksController#form as HTML
  Rendering layout layouts/application.html.erb
  Rendering stocks/form.html.erb within layouts/application
  Rendered stocks/form.html.erb within layouts/application (Duration: 0.4ms | Allocations: 38)
[Webpacker] Everything's up-to-date. Nothing to do
  Rendered layout layouts/application.html.erb (Duration: 8.6ms | Allocations: 2981)
Completed 200 OK in 11ms (Views: 9.6ms | Allocations: 3357)


Started GET "/books" for ::1 at 2021-10-18 21:33:05 +1100
Processing by BooksController#form as HTML
  Rendering layout layouts/application.html.erb
  Rendering books/form.html.erb within layouts/application
  Rendered books/form.html.erb within layouts/application (Duration: 0.2ms | Allocations: 38)
[Webpacker] Everything's up-to-date. Nothing to do
  Rendered layout layouts/application.html.erb (Duration: 10.6ms | Allocations: 3560)
Completed 200 OK in 13ms (Views: 11.9ms | Allocations: 4014)


Started GET "/" for ::1 at 2021-10-18 21:33:06 +1100
Processing by PagesController#home as HTML
  Rendering layout layouts/application.html.erb
  Rendering pages/home.html.erb within layouts/application
  Rendered pages/home.html.erb within layouts/application (Duration: 0.3ms | Allocations: 38)
[Webpacker] Everything's up-to-date. Nothing to do
  Rendered layout layouts/application.html.erb (Duration: 8.1ms | Allocations: 2981)
Completed 200 OK in 11ms (Views: 9.6ms | Allocations: 3357)


Started GET "/stocks" for ::1 at 2021-10-18 21:33:06 +1100
Processing by StocksController#form as HTML
  Rendering layout layouts/application.html.erb
  Rendering stocks/form.html.erb within layouts/application
  Rendered stocks/form.html.erb within layouts/application (Duration: 0.1ms | Allocations: 38)
[Webpacker] Everything's up-to-date. Nothing to do
  Rendered layout layouts/application.html.erb (Duration: 9.8ms | Allocations: 3631)
Completed 200 OK in 11ms (Views: 10.6ms | Allocations: 4008)


Started GET "/books" for ::1 at 2021-10-18 21:33:07 +1100
Processing by BooksController#form as HTML
  Rendering layout layouts/application.html.erb
  Rendering books/form.html.erb within layouts/application
  Rendered books/form.html.erb within layouts/application (Duration: 0.2ms | Allocations: 38)
[Webpacker] Everything's up-to-date. Nothing to do
  Rendered layout layouts/application.html.erb (Duration: 8.2ms | Allocations: 2988)
Completed 200 OK in 10ms (Views: 9.1ms | Allocations: 3364)


Started GET "/books" for ::1 at 2021-10-18 21:34:26 +1100
Processing by BooksController#form as HTML
  Rendering layout layouts/application.html.erb
  Rendering books/form.html.erb within layouts/application
  Rendered books/form.html.erb within layouts/application (Duration: 0.2ms | Allocations: 38)
[Webpacker] Everything's up-to-date. Nothing to do
  Rendered layout layouts/application.html.erb (Duration: 6.8ms | Allocations: 2991)
Completed 200 OK in 8ms (Views: 7.6ms | Allocations: 3368)


Started GET "/stocks" for ::1 at 2021-10-18 21:34:27 +1100
Processing by StocksController#form as HTML
  Rendering layout layouts/application.html.erb
  Rendering stocks/form.html.erb within layouts/application
  Rendered stocks/form.html.erb within layouts/application (Duration: 0.4ms | Allocations: 38)
[Webpacker] Everything's up-to-date. Nothing to do
  Rendered layout layouts/application.html.erb (Duration: 14.1ms | Allocations: 2987)
Completed 200 OK in 17ms (Views: 15.6ms | Allocations: 3363)


Started GET "/stocks/results?symbol=MSFT" for ::1 at 2021-10-18 21:34:29 +1100
Processing by StocksController#results as HTML
  Parameters: {"symbol"=>"MSFT"}
  Rendering layout layouts/application.html.erb
  Rendering stocks/results.html.erb within layouts/application
  Rendered stocks/results.html.erb within layouts/application (Duration: 1.2ms | Allocations: 154)
[Webpacker] Everything's up-to-date. Nothing to do
  Rendered layout layouts/application.html.erb (Duration: 10.6ms | Allocations: 3047)
Completed 200 OK in 1287ms (Views: 11.9ms | Allocations: 7853)


Started GET "/stocks" for ::1 at 2021-10-18 21:34:32 +1100
Processing by StocksController#form as HTML
  Rendering layout layouts/application.html.erb
  Rendering stocks/form.html.erb within layouts/application
  Rendered stocks/form.html.erb within layouts/application (Duration: 0.1ms | Allocations: 38)
[Webpacker] Everything's up-to-date. Nothing to do
  Rendered layout layouts/application.html.erb (Duration: 6.3ms | Allocations: 2981)
Completed 200 OK in 8ms (Views: 7.0ms | Allocations: 3355)


Started GET "/books" for ::1 at 2021-10-18 21:34:33 +1100
Processing by BooksController#form as HTML
  Rendering layout layouts/application.html.erb
  Rendering books/form.html.erb within layouts/application
  Rendered books/form.html.erb within layouts/application (Duration: 0.1ms | Allocations: 38)
[Webpacker] Everything's up-to-date. Nothing to do
  Rendered layout layouts/application.html.erb (Duration: 6.3ms | Allocations: 3142)
Completed 200 OK in 9ms (Views: 7.8ms | Allocations: 4026)


Started GET "/books/results?title=The+Shining" for ::1 at 2021-10-18 21:34:44 +1100
Processing by BooksController#results as HTML
  Parameters: {"title"=>"The Shining"}
  Rendering layout layouts/application.html.erb
  Rendering books/results.html.erb within layouts/application
  Rendered books/results.html.erb within layouts/application (Duration: 1.4ms | Allocations: 142)
[Webpacker] Everything's up-to-date. Nothing to do
  Rendered layout layouts/application.html.erb (Duration: 16.3ms | Allocations: 3088)
Completed 200 OK in 1060ms (Views: 18.0ms | Allocations: 6321)


Started GET "/books" for ::1 at 2021-10-18 21:34:50 +1100
Processing by BooksController#form as HTML
  Rendering layout layouts/application.html.erb
  Rendering books/form.html.erb within layouts/application
  Rendered books/form.html.erb within layouts/application (Duration: 0.4ms | Allocations: 38)
[Webpacker] Everything's up-to-date. Nothing to do
  Rendered layout layouts/application.html.erb (Duration: 15.3ms | Allocations: 2981)
Completed 200 OK in 19ms (Views: 16.9ms | Allocations: 3355)


Started GET "/books/results?title=pet+sematary" for ::1 at 2021-10-18 21:35:00 +1100
Processing by BooksController#results as HTML
  Parameters: {"title"=>"pet sematary"}
  Rendering layout layouts/application.html.erb
  Rendering books/results.html.erb within layouts/application
  Rendered books/results.html.erb within layouts/application (Duration: 0.4ms | Allocations: 40)
[Webpacker] Everything's up-to-date. Nothing to do
  Rendered layout layouts/application.html.erb (Duration: 14.5ms | Allocations: 2993)
Completed 200 OK in 877ms (Views: 15.8ms | Allocations: 5600)


